<?xml version="1.0" encoding="UTF-8"?>
<!-- Generated by org.testng.reporters.JUnitReportReporter -->
<testsuite hostname="INFINITY-LENOVO" failures="0" tests="2" name="TestCases.LoginTestCases" time="24.841" errors="0" timestamp="28 Dec 2023 10:20:36 GMT" skipped="0">
  <testcase classname="TestCases.LoginTestCases" name="TEST_CASE_TWO" time="2.869"/>
  <testcase classname="TestCases.LoginTestCases" name="TEST_CASE_ONE" time="21.972"/>
</testsuite> <!-- TestCases.LoginTestCases -->
